[0418/120700.547:ERROR:process_memory_win.cc(73)] ReadMemory at 0x126801635b0 of 72 bytes failed: Only part of a ReadProcessMemory or WriteProcessMemory request was completed. (0x12B)
[0418/120700.549:WARNING:pe_image_annotations_reader.cc(134)] could not read annotations list object in C:\Program Files (x86)\Google\Chrome\Application\73.0.3683.103\chrome_elf.dll
[0418/120700.550:ERROR:process_memory_win.cc(73)] ReadMemory at 0x126801a0000 of 64 bytes failed: Only part of a ReadProcessMemory or WriteProcessMemory request was completed. (0x12B)
[0418/120700.550:WARNING:pe_image_reader.cc(340)] could not read dos header from C:\WINDOWS\System32\IMM32.DLL
[0418/120700.550:ERROR:process_memory_win.cc(73)] ReadMemory at 0x126805908a0 of 72 bytes failed: Only part of a ReadProcessMemory or WriteProcessMemory request was completed. (0x12B)
[0418/120700.550:WARNING:pe_image_annotations_reader.cc(134)] could not read annotations list object in C:\Program Files (x86)\Google\Chrome\Application\73.0.3683.103\chrome_child.dll
[0418/120700.571:ERROR:process_memory_win.cc(73)] ReadMemory at 0x1a4d1e2000 of 122880 bytes failed: Only part of a ReadProcessMemory or WriteProcessMemory request was completed. (0x12B)
[0418/120700.571:ERROR:process_memory_win.cc(73)] ReadMemory at 0x1a4d3fe000 of 8192 bytes failed: Only part of a ReadProcessMemory or WriteProcessMemory request was completed. (0x12B)
[0418/120700.571:ERROR:process_memory_win.cc(73)] ReadMemory at 0x1a4d5fa000 of 24576 bytes failed: Only part of a ReadProcessMemory or WriteProcessMemory request was completed. (0x12B)
[0418/120700.571:ERROR:process_memory_win.cc(73)] ReadMemory at 0x1a4d7f9000 of 28672 bytes failed: Only part of a ReadProcessMemory or WriteProcessMemory request was completed. (0x12B)
[0418/120700.572:ERROR:process_memory_win.cc(73)] ReadMemory at 0x1a4d9fe000 of 8192 bytes failed: Only part of a ReadProcessMemory or WriteProcessMemory request was completed. (0x12B)
[0418/120700.572:ERROR:process_memory_win.cc(73)] ReadMemory at 0x1a4dbfd000 of 12288 bytes failed: Only part of a ReadProcessMemory or WriteProcessMemory request was completed. (0x12B)
[0418/120700.572:ERROR:process_memory_win.cc(73)] ReadMemory at 0x1a4ddfc000 of 16384 bytes failed: Only part of a ReadProcessMemory or WriteProcessMemory request was completed. (0x12B)
[0418/120700.572:ERROR:process_memory_win.cc(73)] ReadMemory at 0x1a4dffe000 of 8192 bytes failed: Only part of a ReadProcessMemory or WriteProcessMemory request was completed. (0x12B)
[0418/120700.572:ERROR:process_memory_win.cc(73)] ReadMemory at 0x1a4e1fe000 of 8192 bytes failed: Only part of a ReadProcessMemory or WriteProcessMemory request was completed. (0x12B)
[0418/120700.572:ERROR:process_memory_win.cc(73)] ReadMemory at 0x1a4e3fd000 of 12288 bytes failed: Only part of a ReadProcessMemory or WriteProcessMemory request was completed. (0x12B)
[0418/120700.572:ERROR:process_memory_win.cc(73)] ReadMemory at 0x1a4e5f7000 of 36864 bytes failed: Only part of a ReadProcessMemory or WriteProcessMemory request was completed. (0x12B)
[0418/120700.572:ERROR:process_memory_win.cc(73)] ReadMemory at 0x1a4e7f7000 of 36864 bytes failed: Only part of a ReadProcessMemory or WriteProcessMemory request was completed. (0x12B)
[0418/120700.572:ERROR:process_memory_win.cc(73)] ReadMemory at 0x1a4e9fe000 of 8192 bytes failed: Only part of a ReadProcessMemory or WriteProcessMemory request was completed. (0x12B)
[0418/120700.572:ERROR:process_memory_win.cc(73)] ReadMemory at 0x1a4ebfa000 of 24576 bytes failed: Only part of a ReadProcessMemory or WriteProcessMemory request was completed. (0x12B)
[0418/120700.572:ERROR:process_memory_win.cc(73)] ReadMemory at 0x1a4edf5000 of 45056 bytes failed: Only part of a ReadProcessMemory or WriteProcessMemory request was completed. (0x12B)
[0418/120700.573:ERROR:process_memory_win.cc(73)] ReadMemory at 0x1a4effc000 of 16384 bytes failed: Only part of a ReadProcessMemory or WriteProcessMemory request was completed. (0x12B)
[0418/120700.573:ERROR:process_memory_win.cc(73)] ReadMemory at 0x1a4cea2000 of 852 bytes failed: Only part of a ReadProcessMemory or WriteProcessMemory request was completed. (0x12B)
[0418/120700.573:ERROR:process_memory_win.cc(73)] ReadMemory at 0x1a4cea2f80 of 6152 bytes failed: Only part of a ReadProcessMemory or WriteProcessMemory request was completed. (0x12B)
[0418/120700.573:ERROR:process_memory_win.cc(73)] ReadMemory at 0x1a4cea5000 of 6024 bytes failed: Only part of a ReadProcessMemory or WriteProcessMemory request was completed. (0x12B)
[0418/120700.573:ERROR:process_memory_win.cc(73)] ReadMemory at 0x1a4cea7000 of 6024 bytes failed: Only part of a ReadProcessMemory or WriteProcessMemory request was completed. (0x12B)
[0418/120700.573:ERROR:process_memory_win.cc(73)] ReadMemory at 0x1a4cea9000 of 6024 bytes failed: Only part of a ReadProcessMemory or WriteProcessMemory request was completed. (0x12B)
[0418/120700.573:ERROR:process_memory_win.cc(73)] ReadMemory at 0x1a4ceab000 of 6024 bytes failed: Only part of a ReadProcessMemory or WriteProcessMemory request was completed. (0x12B)
[0418/120700.573:ERROR:process_memory_win.cc(73)] ReadMemory at 0x1a4cead000 of 6024 bytes failed: Only part of a ReadProcessMemory or WriteProcessMemory request was completed. (0x12B)
[0418/120700.573:ERROR:process_memory_win.cc(73)] ReadMemory at 0x1a4ceaf000 of 6024 bytes failed: Only part of a ReadProcessMemory or WriteProcessMemory request was completed. (0x12B)
[0418/120700.573:ERROR:process_memory_win.cc(73)] ReadMemory at 0x1a4ceb1000 of 6024 bytes failed: Only part of a ReadProcessMemory or WriteProcessMemory request was completed. (0x12B)
[0418/120700.574:ERROR:process_memory_win.cc(73)] ReadMemory at 0x1a4ceb3000 of 6024 bytes failed: Only part of a ReadProcessMemory or WriteProcessMemory request was completed. (0x12B)
[0418/120700.574:ERROR:process_memory_win.cc(73)] ReadMemory at 0x1a4ceb5000 of 6024 bytes failed: Only part of a ReadProcessMemory or WriteProcessMemory request was completed. (0x12B)
[0418/120700.574:ERROR:process_memory_win.cc(73)] ReadMemory at 0x1a4ceb7000 of 6024 bytes failed: Only part of a ReadProcessMemory or WriteProcessMemory request was completed. (0x12B)
[0418/120700.574:ERROR:process_memory_win.cc(73)] ReadMemory at 0x1a4ceb9000 of 6024 bytes failed: Only part of a ReadProcessMemory or WriteProcessMemory request was completed. (0x12B)
[0418/120700.574:ERROR:process_memory_win.cc(73)] ReadMemory at 0x1a4cebb000 of 6024 bytes failed: Only part of a ReadProcessMemory or WriteProcessMemory request was completed. (0x12B)
[0418/120700.574:ERROR:process_memory_win.cc(73)] ReadMemory at 0x1a4cebd000 of 6024 bytes failed: Only part of a ReadProcessMemory or WriteProcessMemory request was completed. (0x12B)
[0418/120700.574:ERROR:process_memory_win.cc(73)] ReadMemory at 0x1a4cebf000 of 6024 bytes failed: Only part of a ReadProcessMemory or WriteProcessMemory request was completed. (0x12B)
[0418/120700.574:ERROR:process_memory_win.cc(73)] ReadMemory at 0x1a4cec1000 of 6024 bytes failed: Only part of a ReadProcessMemory or WriteProcessMemory request was completed. (0x12B)
[0418/120700.574:ERROR:process_memory_win.cc(73)] ReadMemory at 0x12680240000 of 384 bytes failed: Only part of a ReadProcessMemory or WriteProcessMemory request was completed. (0x12B)
[0418/120700.574:ERROR:process_memory_win.cc(73)] ReadMemory at 0x12680240224 of 512 bytes failed: Only part of a ReadProcessMemory or WriteProcessMemory request was completed. (0x12B)
[0418/120700.574:ERROR:process_memory_win.cc(73)] ReadMemory at 0x12680240c40 of 512 bytes failed: Only part of a ReadProcessMemory or WriteProcessMemory request was completed. (0x12B)
[0418/120700.575:ERROR:process_memory_win.cc(73)] ReadMemory at 0x126802420a0 of 512 bytes failed: Only part of a ReadProcessMemory or WriteProcessMemory request was completed. (0x12B)
[0418/120700.575:ERROR:process_memory_win.cc(73)] ReadMemory at 0x12680350000 of 384 bytes failed: Only part of a ReadProcessMemory or WriteProcessMemory request was completed. (0x12B)
[0418/120700.575:ERROR:process_memory_win.cc(73)] ReadMemory at 0x126805b5aa0 of 512 bytes failed: Only part of a ReadProcessMemory or WriteProcessMemory request was completed. (0x12B)
[0418/120700.575:ERROR:process_memory_win.cc(73)] ReadMemory at 0x126805b7100 of 512 bytes failed: Only part of a ReadProcessMemory or WriteProcessMemory request was completed. (0x12B)
[0418/120700.575:ERROR:process_memory_win.cc(73)] ReadMemory at 0x126805b74c0 of 512 bytes failed: Only part of a ReadProcessMemory or WriteProcessMemory request was completed. (0x12B)
[0418/120700.575:ERROR:process_memory_win.cc(73)] ReadMemory at 0x126805cd350 of 512 bytes failed: Only part of a ReadProcessMemory or WriteProcessMemory request was completed. (0x12B)
[0418/120700.576:ERROR:process_memory_win.cc(73)] ReadMemory at 0x126805cd640 of 696 bytes failed: Only part of a ReadProcessMemory or WriteProcessMemory request was completed. (0x12B)
[0418/120700.576:ERROR:process_memory_win.cc(73)] ReadMemory at 0x126805d93d0 of 512 bytes failed: Only part of a ReadProcessMemory or WriteProcessMemory request was completed. (0x12B)
[0418/120700.576:ERROR:process_memory_win.cc(73)] ReadMemory at 0x126805e0d70 of 512 bytes failed: Only part of a ReadProcessMemory or WriteProcessMemory request was completed. (0x12B)
[0418/120700.576:ERROR:process_memory_win.cc(73)] ReadMemory at 0x12682390000 of 384 bytes failed: Only part of a ReadProcessMemory or WriteProcessMemory request was completed. (0x12B)
[0418/120700.576:ERROR:process_memory_win.cc(73)] ReadMemory at 0x12682396f90 of 512 bytes failed: Only part of a ReadProcessMemory or WriteProcessMemory request was completed. (0x12B)
[0418/120700.576:ERROR:process_memory_win.cc(73)] ReadMemory at 0x126824f1ab0 of 512 bytes failed: Only part of a ReadProcessMemory or WriteProcessMemory request was completed. (0x12B)
[0418/120700.576:ERROR:process_memory_win.cc(73)] ReadMemory at 0x126827bd050 of 512 bytes failed: Only part of a ReadProcessMemory or WriteProcessMemory request was completed. (0x12B)
[0418/120700.576:ERROR:process_memory_win.cc(73)] ReadMemory at 0x12682a7bbd0 of 512 bytes failed: Only part of a ReadProcessMemory or WriteProcessMemory request was completed. (0x12B)
[0418/120700.577:ERROR:process_memory_win.cc(73)] ReadMemory at 0x12682abb4a8 of 512 bytes failed: Only part of a ReadProcessMemory or WriteProcessMemory request was completed. (0x12B)
[0418/120700.577:ERROR:process_memory_win.cc(73)] ReadMemory at 0x12682af8380 of 512 bytes failed: Only part of a ReadProcessMemory or WriteProcessMemory request was completed. (0x12B)
[0418/120700.577:ERROR:process_memory_win.cc(73)] ReadMemory at 0x12682b02610 of 512 bytes failed: Only part of a ReadProcessMemory or WriteProcessMemory request was completed. (0x12B)
[0418/120700.577:ERROR:process_memory_win.cc(73)] ReadMemory at 0x12682b230f6 of 512 bytes failed: Only part of a ReadProcessMemory or WriteProcessMemory request was completed. (0x12B)
[0418/120700.577:ERROR:process_memory_win.cc(73)] ReadMemory at 0x12682b96a50 of 512 bytes failed: Only part of a ReadProcessMemory or WriteProcessMemory request was completed. (0x12B)
[0418/120700.577:ERROR:process_memory_win.cc(73)] ReadMemory at 0x1268303dd90 of 512 bytes failed: Only part of a ReadProcessMemory or WriteProcessMemory request was completed. (0x12B)
[0418/120700.577:ERROR:process_memory_win.cc(73)] ReadMemory at 0x12683048238 of 512 bytes failed: Only part of a ReadProcessMemory or WriteProcessMemory request was completed. (0x12B)
[0418/120700.577:ERROR:process_memory_win.cc(73)] ReadMemory at 0x126830b1a70 of 512 bytes failed: Only part of a ReadProcessMemory or WriteProcessMemory request was completed. (0x12B)
[0418/120700.578:ERROR:process_memory_win.cc(73)] ReadMemory at 0x1268311fae0 of 512 bytes failed: Only part of a ReadProcessMemory or WriteProcessMemory request was completed. (0x12B)
[0418/120700.578:ERROR:process_memory_win.cc(73)] ReadMemory at 0x1268356a180 of 512 bytes failed: Only part of a ReadProcessMemory or WriteProcessMemory request was completed. (0x12B)
[0418/120700.578:ERROR:process_memory_win.cc(73)] ReadMemory at 0x1268356cdd0 of 800 bytes failed: Only part of a ReadProcessMemory or WriteProcessMemory request was completed. (0x12B)
[0418/120700.578:ERROR:process_memory_win.cc(73)] ReadMemory at 0x12683584250 of 512 bytes failed: Only part of a ReadProcessMemory or WriteProcessMemory request was completed. (0x12B)
[0418/120700.578:ERROR:process_memory_win.cc(73)] ReadMemory at 0x12683585488 of 512 bytes failed: Only part of a ReadProcessMemory or WriteProcessMemory request was completed. (0x12B)
[0418/120700.578:ERROR:process_memory_win.cc(73)] ReadMemory at 0x126d7aa0fc0 of 3930 bytes failed: Only part of a ReadProcessMemory or WriteProcessMemory request was completed. (0x12B)
[0418/120700.578:ERROR:process_memory_win.cc(73)] ReadMemory at 0x126d7aa1f30 of 1012 bytes failed: Only part of a ReadProcessMemory or WriteProcessMemory request was completed. (0x12B)
[0418/120700.579:ERROR:process_memory_win.cc(73)] ReadMemory at 0x126d7aa2548 of 118 bytes failed: Only part of a ReadProcessMemory or WriteProcessMemory request was completed. (0x12B)
[0418/120700.579:ERROR:process_memory_win.cc(73)] ReadMemory at 0x126d7aa25c0 of 1418 bytes failed: Only part of a ReadProcessMemory or WriteProcessMemory request was completed. (0x12B)
[0418/120700.579:ERROR:process_memory_win.cc(73)] ReadMemory at 0x126d7aa2b4c of 118 bytes failed: Only part of a ReadProcessMemory or WriteProcessMemory request was completed. (0x12B)
[0418/120700.579:ERROR:process_memory_win.cc(73)] ReadMemory at 0x126d7aa2bc4 of 100 bytes failed: Only part of a ReadProcessMemory or WriteProcessMemory request was completed. (0x12B)
[0418/120700.579:ERROR:process_memory_win.cc(73)] ReadMemory at 0x126d7aa2c40 of 58 bytes failed: Only part of a ReadProcessMemory or WriteProcessMemory request was completed. (0x12B)
[0418/120700.579:ERROR:process_memory_win.cc(73)] ReadMemory at 0x126d7aa2d40 of 132 bytes failed: Only part of a ReadProcessMemory or WriteProcessMemory request was completed. (0x12B)
[0418/120700.579:ERROR:process_memory_win.cc(73)] ReadMemory at 0x126d7aa2ed0 of 132 bytes failed: Only part of a ReadProcessMemory or WriteProcessMemory request was completed. (0x12B)
[0418/120700.579:ERROR:process_memory_win.cc(73)] ReadMemory at 0x126d7aa3090 of 126 bytes failed: Only part of a ReadProcessMemory or WriteProcessMemory request was completed. (0x12B)
[0418/120700.579:ERROR:process_memory_win.cc(73)] ReadMemory at 0x126d7aa3470 of 132 bytes failed: Only part of a ReadProcessMemory or WriteProcessMemory request was completed. (0x12B)
[0418/120700.579:ERROR:process_memory_win.cc(73)] ReadMemory at 0x126d7aa3600 of 64 bytes failed: Only part of a ReadProcessMemory or WriteProcessMemory request was completed. (0x12B)
[0418/120700.580:ERROR:process_memory_win.cc(73)] ReadMemory at 0x126d7aa3760 of 132 bytes failed: Only part of a ReadProcessMemory or WriteProcessMemory request was completed. (0x12B)
[0418/120700.580:ERROR:process_memory_win.cc(73)] ReadMemory at 0x126d7aa3960 of 62 bytes failed: Only part of a ReadProcessMemory or WriteProcessMemory request was completed. (0x12B)
[0418/120700.580:ERROR:process_memory_win.cc(73)] ReadMemory at 0x126d7aa3a50 of 132 bytes failed: Only part of a ReadProcessMemory or WriteProcessMemory request was completed. (0x12B)
[0418/120700.580:ERROR:process_memory_win.cc(73)] ReadMemory at 0x126d7aa3be0 of 68 bytes failed: Only part of a ReadProcessMemory or WriteProcessMemory request was completed. (0x12B)
[0418/120700.580:ERROR:process_memory_win.cc(73)] ReadMemory at 0x126d7aaa0a0 of 132 bytes failed: Only part of a ReadProcessMemory or WriteProcessMemory request was completed. (0x12B)
[0418/120700.580:ERROR:process_memory_win.cc(73)] ReadMemory at 0x126d7aaa2e0 of 132 bytes failed: Only part of a ReadProcessMemory or WriteProcessMemory request was completed. (0x12B)
[0418/120700.581:ERROR:process_memory_win.cc(73)] ReadMemory at 0x126d7aaa470 of 62 bytes failed: Only part of a ReadProcessMemory or WriteProcessMemory request was completed. (0x12B)
[0418/120700.581:ERROR:process_memory_win.cc(73)] ReadMemory at 0x126d7aabbf0 of 132 bytes failed: Only part of a ReadProcessMemory or WriteProcessMemory request was completed. (0x12B)
[0418/120700.581:ERROR:process_memory_win.cc(73)] ReadMemory at 0x126d7aabd80 of 60 bytes failed: Only part of a ReadProcessMemory or WriteProcessMemory request was completed. (0x12B)
[0418/120700.581:ERROR:process_memory_win.cc(73)] ReadMemory at 0x126d7aabdd0 of 158 bytes failed: Only part of a ReadProcessMemory or WriteProcessMemory request was completed. (0x12B)
[0418/120700.581:ERROR:process_memory_win.cc(73)] ReadMemory at 0x126d7aabfd0 of 132 bytes failed: Only part of a ReadProcessMemory or WriteProcessMemory request was completed. (0x12B)
[0418/120700.581:ERROR:process_memory_win.cc(73)] ReadMemory at 0x126d7aac160 of 64 bytes failed: Only part of a ReadProcessMemory or WriteProcessMemory request was completed. (0x12B)
[0418/120700.581:ERROR:process_memory_win.cc(73)] ReadMemory at 0x126d7aac3e0 of 132 bytes failed: Only part of a ReadProcessMemory or WriteProcessMemory request was completed. (0x12B)
[0418/120700.581:ERROR:process_memory_win.cc(73)] ReadMemory at 0x126d7aac570 of 64 bytes failed: Only part of a ReadProcessMemory or WriteProcessMemory request was completed. (0x12B)
[0418/120700.581:ERROR:process_memory_win.cc(73)] ReadMemory at 0x126d7aac7d0 of 132 bytes failed: Only part of a ReadProcessMemory or WriteProcessMemory request was completed. (0x12B)
[0418/120700.582:ERROR:process_memory_win.cc(73)] ReadMemory at 0x126d7aac960 of 60 bytes failed: Only part of a ReadProcessMemory or WriteProcessMemory request was completed. (0x12B)
[0418/120700.582:ERROR:process_memory_win.cc(73)] ReadMemory at 0x126d7aacc80 of 132 bytes failed: Only part of a ReadProcessMemory or WriteProcessMemory request was completed. (0x12B)
[0418/120700.582:ERROR:process_memory_win.cc(73)] ReadMemory at 0x126d7aace10 of 60 bytes failed: Only part of a ReadProcessMemory or WriteProcessMemory request was completed. (0x12B)
[0418/120700.582:ERROR:process_memory_win.cc(73)] ReadMemory at 0x126d7aad050 of 132 bytes failed: Only part of a ReadProcessMemory or WriteProcessMemory request was completed. (0x12B)
[0418/120700.582:ERROR:process_memory_win.cc(73)] ReadMemory at 0x126d7aad1e0 of 62 bytes failed: Only part of a ReadProcessMemory or WriteProcessMemory request was completed. (0x12B)
[0418/120700.582:ERROR:process_memory_win.cc(73)] ReadMemory at 0x126d7aadd30 of 132 bytes failed: Only part of a ReadProcessMemory or WriteProcessMemory request was completed. (0x12B)
[0418/120700.582:ERROR:process_memory_win.cc(73)] ReadMemory at 0x126d7aadec0 of 80 bytes failed: Only part of a ReadProcessMemory or WriteProcessMemory request was completed. (0x12B)
[0418/120700.582:ERROR:process_memory_win.cc(73)] ReadMemory at 0x126d7aae0b0 of 132 bytes failed: Only part of a ReadProcessMemory or WriteProcessMemory request was completed. (0x12B)
[0418/120700.582:ERROR:process_memory_win.cc(73)] ReadMemory at 0x126d7aae2f0 of 78 bytes failed: Only part of a ReadProcessMemory or WriteProcessMemory request was completed. (0x12B)
[0418/120700.582:ERROR:process_memory_win.cc(73)] ReadMemory at 0x126d7aae8f0 of 76 bytes failed: Only part of a ReadProcessMemory or WriteProcessMemory request was completed. (0x12B)
[0418/120700.583:ERROR:process_memory_win.cc(73)] ReadMemory at 0x126d7aae9f0 of 246 bytes failed: Only part of a ReadProcessMemory or WriteProcessMemory request was completed. (0x12B)
[0418/120700.583:ERROR:process_memory_win.cc(73)] ReadMemory at 0x126d7aaeda0 of 132 bytes failed: Only part of a ReadProcessMemory or WriteProcessMemory request was completed. (0x12B)
[0418/120700.583:ERROR:process_memory_win.cc(73)] ReadMemory at 0x126d7aaef20 of 58 bytes failed: Only part of a ReadProcessMemory or WriteProcessMemory request was completed. (0x12B)
[0418/120700.583:ERROR:process_memory_win.cc(73)] ReadMemory at 0x126d7aaf010 of 60 bytes failed: Only part of a ReadProcessMemory or WriteProcessMemory request was completed. (0x12B)
[0418/120700.583:ERROR:process_memory_win.cc(73)] ReadMemory at 0x126d7aaf100 of 64 bytes failed: Only part of a ReadProcessMemory or WriteProcessMemory request was completed. (0x12B)
[0418/120700.583:ERROR:process_memory_win.cc(73)] ReadMemory at 0x126d7aaf150 of 62 bytes failed: Only part of a ReadProcessMemory or WriteProcessMemory request was completed. (0x12B)
[0418/120700.583:ERROR:process_memory_win.cc(73)] ReadMemory at 0x126d7aaf240 of 66 bytes failed: Only part of a ReadProcessMemory or WriteProcessMemory request was completed. (0x12B)
[0418/120700.583:ERROR:process_memory_win.cc(73)] ReadMemory at 0x126d7aaf290 of 60 bytes failed: Only part of a ReadProcessMemory or WriteProcessMemory request was completed. (0x12B)
[0418/120700.583:ERROR:process_memory_win.cc(73)] ReadMemory at 0x126d7aaf2e0 of 60 bytes failed: Only part of a ReadProcessMemory or WriteProcessMemory request was completed. (0x12B)
[0418/120700.583:ERROR:process_memory_win.cc(73)] ReadMemory at 0x126d7aaf330 of 62 bytes failed: Only part of a ReadProcessMemory or WriteProcessMemory request was completed. (0x12B)
[0418/120700.583:ERROR:process_memory_win.cc(73)] ReadMemory at 0x126d7aaf380 of 66 bytes failed: Only part of a ReadProcessMemory or WriteProcessMemory request was completed. (0x12B)
[0418/120700.584:ERROR:process_memory_win.cc(73)] ReadMemory at 0x126d7aaf3d0 of 64 bytes failed: Only part of a ReadProcessMemory or WriteProcessMemory request was completed. (0x12B)
[0418/120700.584:ERROR:process_memory_win.cc(73)] ReadMemory at 0x126d7aaf5b0 of 62 bytes failed: Only part of a ReadProcessMemory or WriteProcessMemory request was completed. (0x12B)
[0418/120700.584:ERROR:process_memory_win.cc(73)] ReadMemory at 0x126d7aaf600 of 62 bytes failed: Only part of a ReadProcessMemory or WriteProcessMemory request was completed. (0x12B)
[0418/120700.584:ERROR:process_memory_win.cc(73)] ReadMemory at 0x126d7ab0800 of 132 bytes failed: Only part of a ReadProcessMemory or WriteProcessMemory request was completed. (0x12B)
[0418/120700.584:ERROR:process_memory_win.cc(73)] ReadMemory at 0x126d7ab0a50 of 132 bytes failed: Only part of a ReadProcessMemory or WriteProcessMemory request was completed. (0x12B)
[0418/120700.584:ERROR:process_memory_win.cc(73)] ReadMemory at 0x126d7ab0b80 of 132 bytes failed: Only part of a ReadProcessMemory or WriteProcessMemory request was completed. (0x12B)
[0418/120700.584:ERROR:process_memory_win.cc(73)] ReadMemory at 0x126d7ab0cb0 of 132 bytes failed: Only part of a ReadProcessMemory or WriteProcessMemory request was completed. (0x12B)
[0418/120700.584:ERROR:process_memory_win.cc(73)] ReadMemory at 0x126d7ab0de0 of 132 bytes failed: Only part of a ReadProcessMemory or WriteProcessMemory request was completed. (0x12B)
[0418/120700.584:ERROR:process_memory_win.cc(73)] ReadMemory at 0x126d7ab0f10 of 132 bytes failed: Only part of a ReadProcessMemory or WriteProcessMemory request was completed. (0x12B)
[0418/120700.584:ERROR:process_memory_win.cc(73)] ReadMemory at 0x126d7ab1040 of 132 bytes failed: Only part of a ReadProcessMemory or WriteProcessMemory request was completed. (0x12B)
[0418/120700.585:ERROR:process_memory_win.cc(73)] ReadMemory at 0x126d7ab1170 of 132 bytes failed: Only part of a ReadProcessMemory or WriteProcessMemory request was completed. (0x12B)
[0418/120700.585:ERROR:process_memory_win.cc(73)] ReadMemory at 0x126d7ab12a0 of 132 bytes failed: Only part of a ReadProcessMemory or WriteProcessMemory request was completed. (0x12B)
[0418/120700.585:ERROR:process_memory_win.cc(73)] ReadMemory at 0x126d7ab13d0 of 132 bytes failed: Only part of a ReadProcessMemory or WriteProcessMemory request was completed. (0x12B)
[0418/120700.585:ERROR:process_memory_win.cc(73)] ReadMemory at 0x126d7ab1500 of 132 bytes failed: Only part of a ReadProcessMemory or WriteProcessMemory request was completed. (0x12B)
[0418/120700.585:ERROR:process_memory_win.cc(73)] ReadMemory at 0x126d7ab1630 of 132 bytes failed: Only part of a ReadProcessMemory or WriteProcessMemory request was completed. (0x12B)
[0418/120700.585:ERROR:process_memory_win.cc(73)] ReadMemory at 0x126d7ab1760 of 132 bytes failed: Only part of a ReadProcessMemory or WriteProcessMemory request was completed. (0x12B)
[0418/120700.585:ERROR:process_memory_win.cc(73)] ReadMemory at 0x126d7ab1890 of 132 bytes failed: Only part of a ReadProcessMemory or WriteProcessMemory request was completed. (0x12B)
[0418/120700.585:ERROR:process_memory_win.cc(73)] ReadMemory at 0x126d7ab1a7c of 512 bytes failed: Only part of a ReadProcessMemory or WriteProcessMemory request was completed. (0x12B)
[0418/120700.585:ERROR:process_memory_win.cc(73)] ReadMemory at 0x126d7ab3370 of 154 bytes failed: Only part of a ReadProcessMemory or WriteProcessMemory request was completed. (0x12B)
[0418/120700.585:ERROR:process_memory_win.cc(73)] ReadMemory at 0x126d7ab4c80 of 132 bytes failed: Only part of a ReadProcessMemory or WriteProcessMemory request was completed. (0x12B)
[0418/120700.585:ERROR:process_memory_win.cc(73)] ReadMemory at 0x126d7ab4ee0 of 132 bytes failed: Only part of a ReadProcessMemory or WriteProcessMemory request was completed. (0x12B)
[0418/120700.585:ERROR:process_memory_win.cc(73)] ReadMemory at 0x126d7ab5010 of 132 bytes failed: Only part of a ReadProcessMemory or WriteProcessMemory request was completed. (0x12B)
[0418/120700.586:ERROR:process_memory_win.cc(73)] ReadMemory at 0x126d7ab5140 of 132 bytes failed: Only part of a ReadProcessMemory or WriteProcessMemory request was completed. (0x12B)
[0418/120700.586:ERROR:process_memory_win.cc(73)] ReadMemory at 0x126d7ab5270 of 132 bytes failed: Only part of a ReadProcessMemory or WriteProcessMemory request was completed. (0x12B)
[0418/120700.586:ERROR:process_memory_win.cc(73)] ReadMemory at 0x126d7ab53a0 of 132 bytes failed: Only part of a ReadProcessMemory or WriteProcessMemory request was completed. (0x12B)
[0418/120700.586:ERROR:process_memory_win.cc(73)] ReadMemory at 0x126d7ab54d0 of 132 bytes failed: Only part of a ReadProcessMemory or WriteProcessMemory request was completed. (0x12B)
[0418/120700.586:ERROR:process_memory_win.cc(73)] ReadMemory at 0x126d7ab5600 of 132 bytes failed: Only part of a ReadProcessMemory or WriteProcessMemory request was completed. (0x12B)
[0418/120700.586:ERROR:process_memory_win.cc(73)] ReadMemory at 0x126d7ab5730 of 132 bytes failed: Only part of a ReadProcessMemory or WriteProcessMemory request was completed. (0x12B)
[0418/120700.586:ERROR:process_memory_win.cc(73)] ReadMemory at 0x126d7ab5860 of 132 bytes failed: Only part of a ReadProcessMemory or WriteProcessMemory request was completed. (0x12B)
[0418/120700.586:ERROR:process_memory_win.cc(73)] ReadMemory at 0x126d7ab5990 of 132 bytes failed: Only part of a ReadProcessMemory or WriteProcessMemory request was completed. (0x12B)
[0418/120700.586:ERROR:process_memory_win.cc(73)] ReadMemory at 0x126d7ab5ac0 of 132 bytes failed: Only part of a ReadProcessMemory or WriteProcessMemory request was completed. (0x12B)
[0418/120700.586:ERROR:process_memory_win.cc(73)] ReadMemory at 0x126d7ab5d20 of 132 bytes failed: Only part of a ReadProcessMemory or WriteProcessMemory request was completed. (0x12B)
[0418/120700.586:ERROR:process_memory_win.cc(73)] ReadMemory at 0x126d7ab5e50 of 132 bytes failed: Only part of a ReadProcessMemory or WriteProcessMemory request was completed. (0x12B)
[0418/120700.586:ERROR:process_memory_win.cc(73)] ReadMemory at 0x126d7ab5f80 of 132 bytes failed: Only part of a ReadProcessMemory or WriteProcessMemory request was completed. (0x12B)
[0418/120700.587:ERROR:process_memory_win.cc(73)] ReadMemory at 0x126d7ab60b0 of 132 bytes failed: Only part of a ReadProcessMemory or WriteProcessMemory request was completed. (0x12B)
[0418/120700.587:ERROR:process_memory_win.cc(73)] ReadMemory at 0x126d7ab61e0 of 132 bytes failed: Only part of a ReadProcessMemory or WriteProcessMemory request was completed. (0x12B)
[0418/120700.587:ERROR:process_memory_win.cc(73)] ReadMemory at 0x126d7ab6310 of 132 bytes failed: Only part of a ReadProcessMemory or WriteProcessMemory request was completed. (0x12B)
[0418/120700.587:ERROR:process_memory_win.cc(73)] ReadMemory at 0x126d7ab6440 of 132 bytes failed: Only part of a ReadProcessMemory or WriteProcessMemory request was completed. (0x12B)
[0418/120700.587:ERROR:process_memory_win.cc(73)] ReadMemory at 0x126d7ab6570 of 132 bytes failed: Only part of a ReadProcessMemory or WriteProcessMemory request was completed. (0x12B)
[0418/120700.587:ERROR:process_memory_win.cc(73)] ReadMemory at 0x126d7ab66a0 of 132 bytes failed: Only part of a ReadProcessMemory or WriteProcessMemory request was completed. (0x12B)
[0418/120700.587:ERROR:process_memory_win.cc(73)] ReadMemory at 0x126d7ab67d0 of 132 bytes failed: Only part of a ReadProcessMemory or WriteProcessMemory request was completed. (0x12B)
[0418/120700.587:ERROR:process_memory_win.cc(73)] ReadMemory at 0x126d7ab6900 of 132 bytes failed: Only part of a ReadProcessMemory or WriteProcessMemory request was completed. (0x12B)
[0418/120700.587:ERROR:process_memory_win.cc(73)] ReadMemory at 0x126d7ab6a30 of 132 bytes failed: Only part of a ReadProcessMemory or WriteProcessMemory request was completed. (0x12B)
[0418/120700.587:ERROR:process_memory_win.cc(73)] ReadMemory at 0x126d7ab77d0 of 62 bytes failed: Only part of a ReadProcessMemory or WriteProcessMemory request was completed. (0x12B)
[0418/120700.587:ERROR:process_memory_win.cc(73)] ReadMemory at 0x126d7ab7820 of 66 bytes failed: Only part of a ReadProcessMemory or WriteProcessMemory request was completed. (0x12B)
[0418/120700.588:ERROR:process_memory_win.cc(73)] ReadMemory at 0x126d7ab7910 of 58 bytes failed: Only part of a ReadProcessMemory or WriteProcessMemory request was completed. (0x12B)
[0418/120700.588:ERROR:process_memory_win.cc(73)] ReadMemory at 0x126d7ab7dc0 of 58 bytes failed: Only part of a ReadProcessMemory or WriteProcessMemory request was completed. (0x12B)
[0418/120700.588:ERROR:process_memory_win.cc(73)] ReadMemory at 0x126d7ab7e10 of 58 bytes failed: Only part of a ReadProcessMemory or WriteProcessMemory request was completed. (0x12B)
[0418/120700.588:ERROR:process_memory_win.cc(73)] ReadMemory at 0x126d7ab7f00 of 64 bytes failed: Only part of a ReadProcessMemory or WriteProcessMemory request was completed. (0x12B)
[0418/120700.588:ERROR:process_memory_win.cc(73)] ReadMemory at 0x126d7ab7f50 of 64 bytes failed: Only part of a ReadProcessMemory or WriteProcessMemory request was completed. (0x12B)
[0418/120700.588:ERROR:process_memory_win.cc(73)] ReadMemory at 0x126d7ab8090 of 60 bytes failed: Only part of a ReadProcessMemory or WriteProcessMemory request was completed. (0x12B)
[0418/120700.588:ERROR:process_memory_win.cc(73)] ReadMemory at 0x126d7ab80e0 of 66 bytes failed: Only part of a ReadProcessMemory or WriteProcessMemory request was completed. (0x12B)
[0418/120700.588:ERROR:process_memory_win.cc(73)] ReadMemory at 0x126d7ab8310 of 60 bytes failed: Only part of a ReadProcessMemory or WriteProcessMemory request was completed. (0x12B)
[0418/120700.588:ERROR:process_memory_win.cc(73)] ReadMemory at 0x126d7ac5410 of 54 bytes failed: Only part of a ReadProcessMemory or WriteProcessMemory request was completed. (0x12B)
[0418/120700.588:ERROR:process_memory_win.cc(73)] ReadMemory at 0x126d7ac6c10 of 58 bytes failed: Only part of a ReadProcessMemory or WriteProcessMemory request was completed. (0x12B)
[0418/120700.588:ERROR:process_memory_win.cc(73)] ReadMemory at 0x126d7ac6df0 of 62 bytes failed: Only part of a ReadProcessMemory or WriteProcessMemory request was completed. (0x12B)
[0418/120700.588:ERROR:process_memory_win.cc(73)] ReadMemory at 0x126d7ac6e90 of 64 bytes failed: Only part of a ReadProcessMemory or WriteProcessMemory request was completed. (0x12B)
[0418/120700.588:ERROR:process_memory_win.cc(73)] ReadMemory at 0x126d7ac6f30 of 62 bytes failed: Only part of a ReadProcessMemory or WriteProcessMemory request was completed. (0x12B)
[0418/120700.588:ERROR:process_memory_win.cc(73)] ReadMemory at 0x126d7ac6fd0 of 60 bytes failed: Only part of a ReadProcessMemory or WriteProcessMemory request was completed. (0x12B)
[0418/120700.588:ERROR:process_memory_win.cc(73)] ReadMemory at 0x126d7ac7020 of 60 bytes failed: Only part of a ReadProcessMemory or WriteProcessMemory request was completed. (0x12B)
[0418/120700.589:ERROR:process_memory_win.cc(73)] ReadMemory at 0x126d7ac7070 of 64 bytes failed: Only part of a ReadProcessMemory or WriteProcessMemory request was completed. (0x12B)
[0418/120700.589:ERROR:process_memory_win.cc(73)] ReadMemory at 0x126d7ac7200 of 56 bytes failed: Only part of a ReadProcessMemory or WriteProcessMemory request was completed. (0x12B)
[0418/120700.589:ERROR:process_memory_win.cc(73)] ReadMemory at 0x126d7ac7250 of 62 bytes failed: Only part of a ReadProcessMemory or WriteProcessMemory request was completed. (0x12B)
[0418/120700.589:ERROR:process_memory_win.cc(73)] ReadMemory at 0x126d7ac72a0 of 64 bytes failed: Only part of a ReadProcessMemory or WriteProcessMemory request was completed. (0x12B)
[0418/120700.589:ERROR:process_memory_win.cc(73)] ReadMemory at 0x126d7ac72f0 of 60 bytes failed: Only part of a ReadProcessMemory or WriteProcessMemory request was completed. (0x12B)
[0418/120700.589:ERROR:process_memory_win.cc(73)] ReadMemory at 0x126d7ac74d0 of 62 bytes failed: Only part of a ReadProcessMemory or WriteProcessMemory request was completed. (0x12B)
[0418/120700.589:ERROR:process_memory_win.cc(73)] ReadMemory at 0x126d7ac7570 of 62 bytes failed: Only part of a ReadProcessMemory or WriteProcessMemory request was completed. (0x12B)
[0418/120700.590:ERROR:process_memory_win.cc(73)] ReadMemory at 0x126d7ac76b0 of 62 bytes failed: Only part of a ReadProcessMemory or WriteProcessMemory request was completed. (0x12B)
[0418/120700.590:ERROR:process_memory_win.cc(73)] ReadMemory at 0x126d7ac7700 of 64 bytes failed: Only part of a ReadProcessMemory or WriteProcessMemory request was completed. (0x12B)
[0418/120700.590:ERROR:process_memory_win.cc(73)] ReadMemory at 0x126d7ac79d0 of 60 bytes failed: Only part of a ReadProcessMemory or WriteProcessMemory request was completed. (0x12B)
[0418/120700.590:ERROR:process_memory_win.cc(73)] ReadMemory at 0x126d7ac7a20 of 64 bytes failed: Only part of a ReadProcessMemory or WriteProcessMemory request was completed. (0x12B)
[0418/120700.590:ERROR:process_memory_win.cc(73)] ReadMemory at 0x126d7ac85e0 of 132 bytes failed: Only part of a ReadProcessMemory or WriteProcessMemory request was completed. (0x12B)
[0418/120700.590:ERROR:process_memory_win.cc(73)] ReadMemory at 0x126d7ac8840 of 132 bytes failed: Only part of a ReadProcessMemory or WriteProcessMemory request was completed. (0x12B)
[0418/120700.590:ERROR:process_memory_win.cc(73)] ReadMemory at 0x126d7ac8970 of 132 bytes failed: Only part of a ReadProcessMemory or WriteProcessMemory request was completed. (0x12B)
[0418/120700.590:ERROR:process_memory_win.cc(73)] ReadMemory at 0x126d7ac8bd0 of 132 bytes failed: Only part of a ReadProcessMemory or WriteProcessMemory request was completed. (0x12B)
[0418/120700.590:ERROR:process_memory_win.cc(73)] ReadMemory at 0x126d7ad5a60 of 512 bytes failed: Only part of a ReadProcessMemory or WriteProcessMemory request was completed. (0x12B)
[0418/120700.590:ERROR:process_memory_win.cc(73)] ReadMemory at 0x126d7add200 of 512 bytes failed: Only part of a ReadProcessMemory or WriteProcessMemory request was completed. (0x12B)
[0418/120700.590:ERROR:process_memory_win.cc(73)] ReadMemory at 0x7ff9f1b41165 of 512 bytes failed: Only part of a ReadProcessMemory or WriteProcessMemory request was completed. (0x12B)
[0418/120700.590:ERROR:process_memory_win.cc(73)] ReadMemory at 0x7ff9f6771308 of 512 bytes failed: Only part of a ReadProcessMemory or WriteProcessMemory request was completed. (0x12B)
[0418/120700.590:ERROR:process_memory_win.cc(73)] ReadMemory at 0x7ffa5603a308 of 512 bytes failed: Only part of a ReadProcessMemory or WriteProcessMemory request was completed. (0x12B)
[0418/120700.590:ERROR:process_memory_win.cc(73)] ReadMemory at 0x7ffa58730e00 of 512 bytes failed: Only part of a ReadProcessMemory or WriteProcessMemory request was completed. (0x12B)
[0418/120700.591:ERROR:process_memory_win.cc(73)] ReadMemory at 0x7ffa59ae0000 of 384 bytes failed: Only part of a ReadProcessMemory or WriteProcessMemory request was completed. (0x12B)
[0418/120700.591:ERROR:process_memory_win.cc(73)] ReadMemory at 0x7ffa59af9b47 of 512 bytes failed: Only part of a ReadProcessMemory or WriteProcessMemory request was completed. (0x12B)
[0418/120700.591:ERROR:process_memory_win.cc(73)] ReadMemory at 0x7ffa59b06270 of 512 bytes failed: Only part of a ReadProcessMemory or WriteProcessMemory request was completed. (0x12B)
[0418/120700.591:ERROR:process_memory_win.cc(73)] ReadMemory at 0x7ffa59b079f0 of 512 bytes failed: Only part of a ReadProcessMemory or WriteProcessMemory request was completed. (0x12B)
[0418/120700.591:ERROR:process_memory_win.cc(73)] ReadMemory at 0x7ffa59b082e0 of 512 bytes failed: Only part of a ReadProcessMemory or WriteProcessMemory request was completed. (0x12B)
[0418/120700.591:ERROR:process_memory_win.cc(73)] ReadMemory at 0x7ffa59b0a0d0 of 512 bytes failed: Only part of a ReadProcessMemory or WriteProcessMemory request was completed. (0x12B)
[0418/120700.591:ERROR:process_memory_win.cc(73)] ReadMemory at 0x7ffa59b7a9a4 of 672 bytes failed: Only part of a ReadProcessMemory or WriteProcessMemory request was completed. (0x12B)
[0418/120700.591:ERROR:process_memory_win.cc(73)] ReadMemory at 0x7ffa59b7afa4 of 512 bytes failed: Only part of a ReadProcessMemory or WriteProcessMemory request was completed. (0x12B)
[0418/120700.592:ERROR:process_memory_win.cc(73)] ReadMemory at 0x7ffa59b7e214 of 608 bytes failed: Only part of a ReadProcessMemory or WriteProcessMemory request was completed. (0x12B)
[0418/120700.592:ERROR:process_memory_win.cc(73)] ReadMemory at 0x7ffa59bf9380 of 512 bytes failed: Only part of a ReadProcessMemory or WriteProcessMemory request was completed. (0x12B)
[0418/120700.592:ERROR:process_memory_win.cc(73)] ReadMemory at 0x7ffa59c001e0 of 18 bytes failed: Only part of a ReadProcessMemory or WriteProcessMemory request was completed. (0x12B)
[0418/120700.592:ERROR:process_memory_win.cc(73)] ReadMemory at 0x7ffa59c365b0 of 40 bytes failed: Only part of a ReadProcessMemory or WriteProcessMemory request was completed. (0x12B)
[0418/120700.592:ERROR:process_memory_win.cc(73)] ReadMemory at 0x7ffa59c36a08 of 48 bytes failed: Only part of a ReadProcessMemory or WriteProcessMemory request was completed. (0x12B)
[0418/120700.592:ERROR:process_memory_win.cc(73)] ReadMemory at 0x7ffa59c3c360 of 64 bytes failed: Only part of a ReadProcessMemory or WriteProcessMemory request was completed. (0x12B)
[0418/120700.595:ERROR:scoped_process_suspend.cc(40)] NtResumeProcess: An attempt was made to access an exiting process. (0xc000010a)
